  BillBoard.cpp
  Character.cpp
C:\Users\PC\OneDrive\바탕 화면\D3D_Framework6\Character.cpp(28,20): warning C4018: '<': signed 또는 unsigned가 일치하지 않습니다.
C:\Users\PC\OneDrive\바탕 화면\D3D_Framework6\Character.cpp(68,20): warning C4018: '<': signed 또는 unsigned가 일치하지 않습니다.
  Device.cpp
  GameFramework.cpp
C:\Users\PC\OneDrive\바탕 화면\D3D_Framework6\GameFramework.cpp(50,18): warning C4244: '초기화 중': 'ULONGLONG'에서 'DWORD'(으)로 변환하면서 데이터가 손실될 수 있습니다.
C:\Users\PC\OneDrive\바탕 화면\D3D_Framework6\GameFramework.cpp(71,40): warning C4244: '=': 'ULONGLONG'에서 'DWORD'(으)로 변환하면서 데이터가 손실될 수 있습니다.
  Ingame.cpp
C:\Users\PC\OneDrive\바탕 화면\D3D_Framework6\Ingame.cpp(70,37): warning C4838: 'LONG'에서 'DWORD'(으)로의 변환에는 축소 변환이 필요합니다.
C:\Users\PC\OneDrive\바탕 화면\D3D_Framework6\Ingame.cpp(70,58): warning C4838: 'LONG'에서 'DWORD'(으)로의 변환에는 축소 변환이 필요합니다.
  MainGame.cpp
C:\Users\PC\OneDrive\바탕 화면\D3D_Framework6\MainGame.cpp(9,22): warning C4316: 'Ingame': 힙에 할당된 개체가 16에 맞추어져 있지 않을 수도 있습니다
  Scene.cpp
  Shape.cpp
  Terrain.cpp
C:\Users\PC\OneDrive\바탕 화면\D3D_Framework6\Terrain.cpp(188,24): warning C4244: '=': 'unsigned long'에서 'WORD'(으)로 변환하면서 데이터가 손실될 수 있습니다.
C:\Users\PC\OneDrive\바탕 화면\D3D_Framework6\Terrain.cpp(189,28): warning C4244: '=': 'unsigned long'에서 'WORD'(으)로 변환하면서 데이터가 손실될 수 있습니다.
C:\Users\PC\OneDrive\바탕 화면\D3D_Framework6\Terrain.cpp(190,30): warning C4244: '=': 'unsigned long'에서 'WORD'(으)로 변환하면서 데이터가 손실될 수 있습니다.
C:\Users\PC\OneDrive\바탕 화면\D3D_Framework6\Terrain.cpp(196,30): warning C4244: '=': 'unsigned long'에서 'WORD'(으)로 변환하면서 데이터가 손실될 수 있습니다.
C:\Users\PC\OneDrive\바탕 화면\D3D_Framework6\Terrain.cpp(197,28): warning C4244: '=': 'unsigned long'에서 'WORD'(으)로 변환하면서 데이터가 손실될 수 있습니다.
C:\Users\PC\OneDrive\바탕 화면\D3D_Framework6\Terrain.cpp(198,34): warning C4244: '=': 'unsigned long'에서 'WORD'(으)로 변환하면서 데이터가 손실될 수 있습니다.
  코드를 생성하고 있습니다...
  GameFramework.vcxproj -> C:\Users\PC\OneDrive\바탕 화면\D3D_Framework6\Debug\GameFramework.exe
